<?xml version="1.0" encoding="UTF-8"?>
<!-- Generated by org.testng.reporters.JUnitReportReporter -->
<testsuite hostname="DESKTOP-MRAEKV3" failures="0" tests="1" name="siva.EndtoEnd" time="24.089" errors="0" timestamp="2024-09-16T11:53:45 IST" skipped="0">
  <testcase classname="siva.EndtoEnd" name="mainpage" time="24.089"/>
</testsuite> <!-- siva.EndtoEnd -->
