<?xml version="1.0" encoding="UTF-8"?>
<!-- Generated by org.testng.reporters.JUnitReportReporter -->
<testsuite hostname="DESKTOP-MRAEKV3" failures="0" tests="1" name="siva.EndtoEnd" time="31.348" errors="0" timestamp="2024-09-15T09:48:59 IST" skipped="0">
  <testcase classname="siva.EndtoEnd" name="mainpage" time="31.348"/>
</testsuite> <!-- siva.EndtoEnd -->
